Outer window is 0x2200001, inner window is 0x2200002

PropertyNotify event, serial 8, synthetic NO, window 0x2200001,
    atom 0x27 (WM_NAME), time 4228403, state PropertyNewValue

PropertyNotify event, serial 9, synthetic NO, window 0x2200001,
    atom 0x22 (WM_COMMAND), time 4228403, state PropertyNewValue

PropertyNotify event, serial 10, synthetic NO, window 0x2200001,
    atom 0x28 (WM_NORMAL_HINTS), time 4228403, state PropertyNewValue

CreateNotify event, serial 11, synthetic NO, window 0x2200001,
    parent 0x2200001, window 0x2200002, (10,10), width 50, height 50
border_width 4, override NO

PropertyNotify event, serial 14, synthetic NO, window 0x2200001,
    atom 0x15e (WM_PROTOCOLS), time 4228403, state PropertyNewValue

MapNotify event, serial 15, synthetic NO, window 0x2200001,
    event 0x2200001, window 0x2200002, override NO

ReparentNotify event, serial 28, synthetic NO, window 0x2200001,
    event 0x2200001, window 0x2200001, parent 0x4001ae,
    (0,0), override NO

ConfigureNotify event, serial 28, synthetic NO, window 0x2200001,
    event 0x2200001, window 0x2200001, (2,24), width 729, height 1428,
    border_width 2, above 0x0, override NO

PropertyNotify event, serial 28, synthetic NO, window 0x2200001,
    atom 0x18d (WM_STATE), time 4228404, state PropertyNewValue

MapNotify event, serial 28, synthetic NO, window 0x2200001,
    event 0x2200001, window 0x2200001, override NO

VisibilityNotify event, serial 28, synthetic NO, window 0x2200001,
    state VisibilityUnobscured

Expose event, serial 28, synthetic NO, window 0x2200001,
    (0,0), width 729, height 10, count 3

Expose event, serial 28, synthetic NO, window 0x2200001,
    (0,10), width 10, height 58, count 2

Expose event, serial 28, synthetic NO, window 0x2200001,
    (68,10), width 661, height 58, count 1

Expose event, serial 28, synthetic NO, window 0x2200001,
    (0,68), width 729, height 1360, count 0

ConfigureNotify event, serial 28, synthetic YES, window 0x2200001,
    event 0x2200001, window 0x2200001, (1511,60), width 729, height 1428,
    border_width 2, above 0x0, override NO

PropertyNotify event, serial 28, synthetic NO, window 0x2200001,
    atom 0x16c (_NET_WM_STATE), time 4228404, state PropertyNewValue

FocusIn event, serial 28, synthetic NO, window 0x2200001,
    mode NotifyNormal, detail NotifyNonlinear

KeymapNotify event, serial 28, synthetic NO, window 0x0,
    keys:  0   0   0   0   16  0   0   0   0   0   0   0   0   0   0   0   
           0   0   0   0   0   0   0   0   0   0   0   0   0   0   0   0   

PropertyNotify event, serial 28, synthetic NO, window 0x2200001,
    atom 0x16c (_NET_WM_STATE), time 4228406, state PropertyNewValue

PropertyNotify event, serial 28, synthetic NO, window 0x2200001,
    atom 0x166 (_NET_WM_DESKTOP), time 4228406, state PropertyNewValue

KeyRelease event, serial 31, synthetic NO, window 0x2200001,
    root 0x3a6, subw 0x0, time 4228477, (-244,1160), root:(1269,1222),
    state 0x0, keycode 36 (keysym 0xff0d, Return), same_screen YES,
    XLookupString gives 1 bytes: (0d) ""
    XFilterEvent returns: False

KeyPress event, serial 34, synthetic NO, window 0x2200001,
    root 0x3a6, subw 0x0, time 4237464, (-244,1160), root:(1269,1222),
    state 0x0, keycode 73 (keysym 0xffc4, F7), same_screen YES,
    XLookupString gives 0 bytes: 
    XmbLookupString gives 0 bytes: 
    XFilterEvent returns: False

KeyRelease event, serial 34, synthetic NO, window 0x2200001,
    root 0x3a6, subw 0x0, time 4237556, (-244,1160), root:(1269,1222),
    state 0x0, keycode 73 (keysym 0xffc4, F7), same_screen YES,
    XLookupString gives 0 bytes: 
    XFilterEvent returns: False

MappingNotify event, serial 34, synthetic NO, window 0x0,
    request MappingKeyboard, first_keycode 8, count 248

KeyPress event, serial 34, synthetic NO, window 0x2200001,
    root 0x3a6, subw 0x0, time 4238763, (-244,1160), root:(1269,1222),
    state 0x0, keycode 232 (keysym 0x1008ff03, XF86MonBrightnessDown), same_screen YES,
    XLookupString gives 0 bytes: 
    XmbLookupString gives 0 bytes: 
    XFilterEvent returns: False

KeyRelease event, serial 35, synthetic NO, window 0x2200001,
    root 0x3a6, subw 0x0, time 4238853, (-244,1160), root:(1269,1222),
    state 0x0, keycode 232 (keysym 0x1008ff03, XF86MonBrightnessDown), same_screen YES,
    XLookupString gives 0 bytes: 
    XFilterEvent returns: False

MappingNotify event, serial 35, synthetic NO, window 0x0,
    request MappingKeyboard, first_keycode 8, count 248

KeyPress event, serial 35, synthetic NO, window 0x2200001,
    root 0x3a6, subw 0x0, time 4239839, (-244,1160), root:(1269,1222),
    state 0x0, keycode 74 (keysym 0xffc5, F8), same_screen YES,
    XLookupString gives 0 bytes: 
    XmbLookupString gives 0 bytes: 
    XFilterEvent returns: False

KeyRelease event, serial 36, synthetic NO, window 0x2200001,
    root 0x3a6, subw 0x0, time 4239915, (-244,1160), root:(1269,1222),
    state 0x0, keycode 74 (keysym 0xffc5, F8), same_screen YES,
    XLookupString gives 0 bytes: 
    XFilterEvent returns: False

MappingNotify event, serial 36, synthetic NO, window 0x0,
    request MappingKeyboard, first_keycode 8, count 248

KeyPress event, serial 36, synthetic NO, window 0x2200001,
    root 0x3a6, subw 0x0, time 4240630, (-244,1160), root:(1269,1222),
    state 0x0, keycode 233 (keysym 0x1008ff02, XF86MonBrightnessUp), same_screen YES,
    XLookupString gives 0 bytes: 
    XmbLookupString gives 0 bytes: 
    XFilterEvent returns: False

KeyRelease event, serial 37, synthetic NO, window 0x2200001,
    root 0x3a6, subw 0x0, time 4240707, (-244,1160), root:(1269,1222),
    state 0x0, keycode 233 (keysym 0x1008ff02, XF86MonBrightnessUp), same_screen YES,
    XLookupString gives 0 bytes: 
    XFilterEvent returns: False

MappingNotify event, serial 37, synthetic NO, window 0x0,
    request MappingKeyboard, first_keycode 8, count 248

KeyPress event, serial 37, synthetic NO, window 0x2200001,
    root 0x3a6, subw 0x0, time 4242075, (-244,1160), root:(1269,1222),
    state 0x0, keycode 133 (keysym 0xffeb, Super_L), same_screen YES,
    XLookupString gives 0 bytes: 
    XmbLookupString gives 0 bytes: 
    XFilterEvent returns: False

KeyPress event, serial 38, synthetic NO, window 0x2200001,
    root 0x3a6, subw 0x0, time 4242086, (-244,1160), root:(1269,1222),
    state 0x40, keycode 50 (keysym 0xffe1, Shift_L), same_screen YES,
    XLookupString gives 0 bytes: 
    XmbLookupString gives 0 bytes: 
    XFilterEvent returns: False

FocusOut event, serial 38, synthetic NO, window 0x2200001,
    mode NotifyGrab, detail NotifyAncestor

ClientMessage event, serial 38, synthetic YES, window 0x2200001,
    message_type 0x15e (WM_PROTOCOLS), format 32, message 0x15c (WM_DELETE_WINDOW)
